d:\university stuff\cmp 208\week 3\gef_abertay\build\vs2017\x64\debug\gef.pdb
d:\university stuff\cmp 208\week 3\gef_abertay\build\vs2017\x64\debug\gef.idb
d:\university stuff\cmp 208\week 3\gef_abertay\build\vs2017\x64\debug\model.obj
d:\university stuff\cmp 208\week 3\gef_abertay\build\vs2017\x64\debug\mesh_instance.obj
d:\university stuff\cmp 208\week 3\gef_abertay\build\vs2017\x64\debug\mesh_data.obj
d:\university stuff\cmp 208\week 3\gef_abertay\build\vs2017\x64\debug\mesh.obj
d:\university stuff\cmp 208\week 3\gef_abertay\build\vs2017\x64\debug\material.obj
d:\university stuff\cmp 208\week 3\gef_abertay\build\vs2017\x64\debug\index_buffer.obj
d:\university stuff\cmp 208\week 3\gef_abertay\build\vs2017\x64\debug\image_data.obj
d:\university stuff\cmp 208\week 3\gef_abertay\build\vs2017\x64\debug\font.obj
d:\university stuff\cmp 208\week 3\gef_abertay\build\vs2017\x64\debug\depth_buffer.obj
d:\university stuff\cmp 208\week 3\gef_abertay\build\vs2017\x64\debug\default_sprite_shader.obj
d:\university stuff\cmp 208\week 3\gef_abertay\build\vs2017\x64\debug\default_3d_skinning_shader.obj
d:\university stuff\cmp 208\week 3\gef_abertay\build\vs2017\x64\debug\default_3d_shader_data.obj
d:\university stuff\cmp 208\week 3\gef_abertay\build\vs2017\x64\debug\default_3d_shader.obj
d:\university stuff\cmp 208\week 3\gef_abertay\build\vs2017\x64\debug\colour.obj
d:\university stuff\cmp 208\week 3\gef_abertay\build\vs2017\x64\debug\audio_manager.obj
d:\university stuff\cmp 208\week 3\gef_abertay\build\vs2017\x64\debug\png_loader.obj
d:\university stuff\cmp 208\week 3\gef_abertay\build\vs2017\x64\debug\obj_loader.obj
d:\university stuff\cmp 208\week 3\gef_abertay\build\vs2017\x64\debug\skeleton.obj
d:\university stuff\cmp 208\week 3\gef_abertay\build\vs2017\x64\debug\joint.obj
d:\university stuff\cmp 208\week 3\gef_abertay\build\vs2017\x64\debug\animation.obj
d:\university stuff\cmp 208\week 3\gef_abertay\build\vs2017\x64\debug\matrix44.obj
d:\university stuff\cmp 208\week 3\gef_abertay\build\vs2017\x64\debug\matrix33.obj
d:\university stuff\cmp 208\week 3\gef_abertay\build\vs2017\x64\debug\frustum.obj
d:\university stuff\cmp 208\week 3\gef_abertay\build\vs2017\x64\debug\aabb.obj
d:\university stuff\cmp 208\week 3\gef_abertay\build\vs2017\x64\debug\touch_input_manager.obj
d:\university stuff\cmp 208\week 3\gef_abertay\build\vs2017\x64\debug\sony_controller_input_manager.obj
d:\university stuff\cmp 208\week 3\gef_abertay\build\vs2017\x64\debug\keyboard.obj
d:\university stuff\cmp 208\week 3\gef_abertay\build\vs2017\x64\debug\input_manager.obj
d:\university stuff\cmp 208\week 3\gef_abertay\build\vs2017\x64\debug\vertex_buffer.obj
d:\university stuff\cmp 208\week 3\gef_abertay\build\vs2017\x64\debug\texture.obj
d:\university stuff\cmp 208\week 3\gef_abertay\build\vs2017\x64\debug\sprite_renderer.obj
d:\university stuff\cmp 208\week 3\gef_abertay\build\vs2017\x64\debug\sprite.obj
d:\university stuff\cmp 208\week 3\gef_abertay\build\vs2017\x64\debug\skinned_mesh_shader_data.obj
d:\university stuff\cmp 208\week 3\gef_abertay\build\vs2017\x64\debug\skinned_mesh_instance.obj
d:\university stuff\cmp 208\week 3\gef_abertay\build\vs2017\x64\debug\shader_interface.obj
d:\university stuff\cmp 208\week 3\gef_abertay\build\vs2017\x64\debug\shader.obj
d:\university stuff\cmp 208\week 3\gef_abertay\build\vs2017\x64\debug\scene.obj
d:\university stuff\cmp 208\week 3\gef_abertay\build\vs2017\x64\debug\render_target.obj
d:\university stuff\cmp 208\week 3\gef_abertay\build\vs2017\x64\debug\renderer_3d.obj
d:\university stuff\cmp 208\week 3\gef_abertay\build\vs2017\x64\debug\primitive.obj
d:\university stuff\cmp 208\week 3\gef_abertay\build\vs2017\x64\debug\string_id.obj
d:\university stuff\cmp 208\week 3\gef_abertay\build\vs2017\x64\debug\platform.obj
d:\university stuff\cmp 208\week 3\gef_abertay\build\vs2017\x64\debug\memory_stream_buffer.obj
d:\university stuff\cmp 208\week 3\gef_abertay\build\vs2017\x64\debug\file.obj
d:\university stuff\cmp 208\week 3\gef_abertay\build\vs2017\x64\debug\crc.obj
d:\university stuff\cmp 208\week 3\gef_abertay\build\vs2017\x64\debug\application.obj
d:\university stuff\cmp 208\week 3\gef_abertay\build\vs2017\x64\debug\vector4.obj
d:\university stuff\cmp 208\week 3\gef_abertay\build\vs2017\x64\debug\vector2.obj
d:\university stuff\cmp 208\week 3\gef_abertay\build\vs2017\x64\debug\transform.obj
d:\university stuff\cmp 208\week 3\gef_abertay\build\vs2017\x64\debug\sphere.obj
d:\university stuff\cmp 208\week 3\gef_abertay\build\vs2017\x64\debug\quaternion.obj
d:\university stuff\cmp 208\week 3\gef_abertay\build\vs2017\x64\debug\plane.obj
d:\university stuff\cmp 208\week 4\gef_abertay\build\vs2017\x64\debug\gef.pdb
d:\university stuff\cmp 208\week 4\gef_abertay\build\vs2017\x64\debug\gef.idb
d:\university stuff\cmp 208\week 4\gef_abertay\build\vs2017\x64\debug\model.obj
d:\university stuff\cmp 208\week 4\gef_abertay\build\vs2017\x64\debug\mesh_instance.obj
d:\university stuff\cmp 208\week 4\gef_abertay\build\vs2017\x64\debug\mesh_data.obj
d:\university stuff\cmp 208\week 4\gef_abertay\build\vs2017\x64\debug\mesh.obj
d:\university stuff\cmp 208\week 4\gef_abertay\build\vs2017\x64\debug\material.obj
d:\university stuff\cmp 208\week 4\gef_abertay\build\vs2017\x64\debug\index_buffer.obj
d:\university stuff\cmp 208\week 4\gef_abertay\build\vs2017\x64\debug\image_data.obj
d:\university stuff\cmp 208\week 4\gef_abertay\build\vs2017\x64\debug\font.obj
d:\university stuff\cmp 208\week 4\gef_abertay\build\vs2017\x64\debug\depth_buffer.obj
d:\university stuff\cmp 208\week 4\gef_abertay\build\vs2017\x64\debug\default_sprite_shader.obj
d:\university stuff\cmp 208\week 4\gef_abertay\build\vs2017\x64\debug\default_3d_skinning_shader.obj
d:\university stuff\cmp 208\week 4\gef_abertay\build\vs2017\x64\debug\default_3d_shader_data.obj
d:\university stuff\cmp 208\week 4\gef_abertay\build\vs2017\x64\debug\default_3d_shader.obj
d:\university stuff\cmp 208\week 4\gef_abertay\build\vs2017\x64\debug\colour.obj
d:\university stuff\cmp 208\week 4\gef_abertay\build\vs2017\x64\debug\audio_manager.obj
d:\university stuff\cmp 208\week 4\gef_abertay\build\vs2017\x64\debug\png_loader.obj
d:\university stuff\cmp 208\week 4\gef_abertay\build\vs2017\x64\debug\obj_loader.obj
d:\university stuff\cmp 208\week 4\gef_abertay\build\vs2017\x64\debug\skeleton.obj
d:\university stuff\cmp 208\week 4\gef_abertay\build\vs2017\x64\debug\joint.obj
d:\university stuff\cmp 208\week 4\gef_abertay\build\vs2017\x64\debug\animation.obj
d:\university stuff\cmp 208\week 4\gef_abertay\build\vs2017\x64\debug\matrix44.obj
d:\university stuff\cmp 208\week 4\gef_abertay\build\vs2017\x64\debug\matrix33.obj
d:\university stuff\cmp 208\week 4\gef_abertay\build\vs2017\x64\debug\frustum.obj
d:\university stuff\cmp 208\week 4\gef_abertay\build\vs2017\x64\debug\aabb.obj
d:\university stuff\cmp 208\week 4\gef_abertay\build\vs2017\x64\debug\touch_input_manager.obj
d:\university stuff\cmp 208\week 4\gef_abertay\build\vs2017\x64\debug\sony_controller_input_manager.obj
d:\university stuff\cmp 208\week 4\gef_abertay\build\vs2017\x64\debug\keyboard.obj
d:\university stuff\cmp 208\week 4\gef_abertay\build\vs2017\x64\debug\input_manager.obj
d:\university stuff\cmp 208\week 4\gef_abertay\build\vs2017\x64\debug\vertex_buffer.obj
d:\university stuff\cmp 208\week 4\gef_abertay\build\vs2017\x64\debug\texture.obj
d:\university stuff\cmp 208\week 4\gef_abertay\build\vs2017\x64\debug\sprite_renderer.obj
d:\university stuff\cmp 208\week 4\gef_abertay\build\vs2017\x64\debug\sprite.obj
d:\university stuff\cmp 208\week 4\gef_abertay\build\vs2017\x64\debug\skinned_mesh_shader_data.obj
d:\university stuff\cmp 208\week 4\gef_abertay\build\vs2017\x64\debug\skinned_mesh_instance.obj
d:\university stuff\cmp 208\week 4\gef_abertay\build\vs2017\x64\debug\shader_interface.obj
d:\university stuff\cmp 208\week 4\gef_abertay\build\vs2017\x64\debug\shader.obj
d:\university stuff\cmp 208\week 4\gef_abertay\build\vs2017\x64\debug\scene.obj
d:\university stuff\cmp 208\week 4\gef_abertay\build\vs2017\x64\debug\render_target.obj
d:\university stuff\cmp 208\week 4\gef_abertay\build\vs2017\x64\debug\renderer_3d.obj
d:\university stuff\cmp 208\week 4\gef_abertay\build\vs2017\x64\debug\primitive.obj
d:\university stuff\cmp 208\week 4\gef_abertay\build\vs2017\x64\debug\string_id.obj
d:\university stuff\cmp 208\week 4\gef_abertay\build\vs2017\x64\debug\platform.obj
d:\university stuff\cmp 208\week 4\gef_abertay\build\vs2017\x64\debug\memory_stream_buffer.obj
d:\university stuff\cmp 208\week 4\gef_abertay\build\vs2017\x64\debug\file.obj
d:\university stuff\cmp 208\week 4\gef_abertay\build\vs2017\x64\debug\crc.obj
d:\university stuff\cmp 208\week 4\gef_abertay\build\vs2017\x64\debug\application.obj
d:\university stuff\cmp 208\week 4\gef_abertay\build\vs2017\x64\debug\vector4.obj
d:\university stuff\cmp 208\week 4\gef_abertay\build\vs2017\x64\debug\vector2.obj
d:\university stuff\cmp 208\week 4\gef_abertay\build\vs2017\x64\debug\transform.obj
d:\university stuff\cmp 208\week 4\gef_abertay\build\vs2017\x64\debug\sphere.obj
d:\university stuff\cmp 208\week 4\gef_abertay\build\vs2017\x64\debug\quaternion.obj
d:\university stuff\cmp 208\week 4\gef_abertay\build\vs2017\x64\debug\plane.obj
d:\university stuff\cmp 208\week 5\gef_abertay\build\vs2017\x64\debug\gef.pdb
d:\university stuff\cmp 208\week 5\gef_abertay\build\vs2017\x64\debug\gef.idb
d:\university stuff\cmp 208\week 5\gef_abertay\build\vs2017\x64\debug\model.obj
d:\university stuff\cmp 208\week 5\gef_abertay\build\vs2017\x64\debug\mesh_instance.obj
d:\university stuff\cmp 208\week 5\gef_abertay\build\vs2017\x64\debug\mesh_data.obj
d:\university stuff\cmp 208\week 5\gef_abertay\build\vs2017\x64\debug\mesh.obj
d:\university stuff\cmp 208\week 5\gef_abertay\build\vs2017\x64\debug\material.obj
d:\university stuff\cmp 208\week 5\gef_abertay\build\vs2017\x64\debug\index_buffer.obj
d:\university stuff\cmp 208\week 5\gef_abertay\build\vs2017\x64\debug\image_data.obj
d:\university stuff\cmp 208\week 5\gef_abertay\build\vs2017\x64\debug\font.obj
d:\university stuff\cmp 208\week 5\gef_abertay\build\vs2017\x64\debug\depth_buffer.obj
d:\university stuff\cmp 208\week 5\gef_abertay\build\vs2017\x64\debug\default_sprite_shader.obj
d:\university stuff\cmp 208\week 5\gef_abertay\build\vs2017\x64\debug\default_3d_skinning_shader.obj
d:\university stuff\cmp 208\week 5\gef_abertay\build\vs2017\x64\debug\default_3d_shader_data.obj
d:\university stuff\cmp 208\week 5\gef_abertay\build\vs2017\x64\debug\default_3d_shader.obj
d:\university stuff\cmp 208\week 5\gef_abertay\build\vs2017\x64\debug\colour.obj
d:\university stuff\cmp 208\week 5\gef_abertay\build\vs2017\x64\debug\audio_manager.obj
d:\university stuff\cmp 208\week 5\gef_abertay\build\vs2017\x64\debug\png_loader.obj
d:\university stuff\cmp 208\week 5\gef_abertay\build\vs2017\x64\debug\obj_loader.obj
d:\university stuff\cmp 208\week 5\gef_abertay\build\vs2017\x64\debug\skeleton.obj
d:\university stuff\cmp 208\week 5\gef_abertay\build\vs2017\x64\debug\joint.obj
d:\university stuff\cmp 208\week 5\gef_abertay\build\vs2017\x64\debug\animation.obj
d:\university stuff\cmp 208\week 5\gef_abertay\build\vs2017\x64\debug\matrix44.obj
d:\university stuff\cmp 208\week 5\gef_abertay\build\vs2017\x64\debug\matrix33.obj
d:\university stuff\cmp 208\week 5\gef_abertay\build\vs2017\x64\debug\frustum.obj
d:\university stuff\cmp 208\week 5\gef_abertay\build\vs2017\x64\debug\aabb.obj
d:\university stuff\cmp 208\week 5\gef_abertay\build\vs2017\x64\debug\touch_input_manager.obj
d:\university stuff\cmp 208\week 5\gef_abertay\build\vs2017\x64\debug\sony_controller_input_manager.obj
d:\university stuff\cmp 208\week 5\gef_abertay\build\vs2017\x64\debug\keyboard.obj
d:\university stuff\cmp 208\week 5\gef_abertay\build\vs2017\x64\debug\input_manager.obj
d:\university stuff\cmp 208\week 5\gef_abertay\build\vs2017\x64\debug\vertex_buffer.obj
d:\university stuff\cmp 208\week 5\gef_abertay\build\vs2017\x64\debug\texture.obj
d:\university stuff\cmp 208\week 5\gef_abertay\build\vs2017\x64\debug\sprite_renderer.obj
d:\university stuff\cmp 208\week 5\gef_abertay\build\vs2017\x64\debug\sprite.obj
d:\university stuff\cmp 208\week 5\gef_abertay\build\vs2017\x64\debug\skinned_mesh_shader_data.obj
d:\university stuff\cmp 208\week 5\gef_abertay\build\vs2017\x64\debug\skinned_mesh_instance.obj
d:\university stuff\cmp 208\week 5\gef_abertay\build\vs2017\x64\debug\shader_interface.obj
d:\university stuff\cmp 208\week 5\gef_abertay\build\vs2017\x64\debug\shader.obj
d:\university stuff\cmp 208\week 5\gef_abertay\build\vs2017\x64\debug\scene.obj
d:\university stuff\cmp 208\week 5\gef_abertay\build\vs2017\x64\debug\render_target.obj
d:\university stuff\cmp 208\week 5\gef_abertay\build\vs2017\x64\debug\renderer_3d.obj
d:\university stuff\cmp 208\week 5\gef_abertay\build\vs2017\x64\debug\primitive.obj
d:\university stuff\cmp 208\week 5\gef_abertay\build\vs2017\x64\debug\string_id.obj
d:\university stuff\cmp 208\week 5\gef_abertay\build\vs2017\x64\debug\platform.obj
d:\university stuff\cmp 208\week 5\gef_abertay\build\vs2017\x64\debug\memory_stream_buffer.obj
d:\university stuff\cmp 208\week 5\gef_abertay\build\vs2017\x64\debug\file.obj
d:\university stuff\cmp 208\week 5\gef_abertay\build\vs2017\x64\debug\crc.obj
d:\university stuff\cmp 208\week 5\gef_abertay\build\vs2017\x64\debug\application.obj
d:\university stuff\cmp 208\week 5\gef_abertay\build\vs2017\x64\debug\vector4.obj
d:\university stuff\cmp 208\week 5\gef_abertay\build\vs2017\x64\debug\vector2.obj
d:\university stuff\cmp 208\week 5\gef_abertay\build\vs2017\x64\debug\transform.obj
d:\university stuff\cmp 208\week 5\gef_abertay\build\vs2017\x64\debug\sphere.obj
d:\university stuff\cmp 208\week 5\gef_abertay\build\vs2017\x64\debug\quaternion.obj
d:\university stuff\cmp 208\week 5\gef_abertay\build\vs2017\x64\debug\plane.obj
d:\university stuff\cmp 208\week 6\gef_abertay\build\vs2017\x64\debug\gef.pdb
d:\university stuff\cmp 208\week 6\gef_abertay\build\vs2017\x64\debug\gef.idb
d:\university stuff\cmp 208\week 6\gef_abertay\build\vs2017\x64\debug\model.obj
d:\university stuff\cmp 208\week 6\gef_abertay\build\vs2017\x64\debug\mesh_instance.obj
d:\university stuff\cmp 208\week 6\gef_abertay\build\vs2017\x64\debug\mesh_data.obj
d:\university stuff\cmp 208\week 6\gef_abertay\build\vs2017\x64\debug\mesh.obj
d:\university stuff\cmp 208\week 6\gef_abertay\build\vs2017\x64\debug\material.obj
d:\university stuff\cmp 208\week 6\gef_abertay\build\vs2017\x64\debug\index_buffer.obj
d:\university stuff\cmp 208\week 6\gef_abertay\build\vs2017\x64\debug\image_data.obj
d:\university stuff\cmp 208\week 6\gef_abertay\build\vs2017\x64\debug\font.obj
d:\university stuff\cmp 208\week 6\gef_abertay\build\vs2017\x64\debug\depth_buffer.obj
d:\university stuff\cmp 208\week 6\gef_abertay\build\vs2017\x64\debug\default_sprite_shader.obj
d:\university stuff\cmp 208\week 6\gef_abertay\build\vs2017\x64\debug\default_3d_skinning_shader.obj
d:\university stuff\cmp 208\week 6\gef_abertay\build\vs2017\x64\debug\default_3d_shader_data.obj
d:\university stuff\cmp 208\week 6\gef_abertay\build\vs2017\x64\debug\default_3d_shader.obj
d:\university stuff\cmp 208\week 6\gef_abertay\build\vs2017\x64\debug\colour.obj
d:\university stuff\cmp 208\week 6\gef_abertay\build\vs2017\x64\debug\audio_manager.obj
d:\university stuff\cmp 208\week 6\gef_abertay\build\vs2017\x64\debug\png_loader.obj
d:\university stuff\cmp 208\week 6\gef_abertay\build\vs2017\x64\debug\obj_loader.obj
d:\university stuff\cmp 208\week 6\gef_abertay\build\vs2017\x64\debug\skeleton.obj
d:\university stuff\cmp 208\week 6\gef_abertay\build\vs2017\x64\debug\joint.obj
d:\university stuff\cmp 208\week 6\gef_abertay\build\vs2017\x64\debug\animation.obj
d:\university stuff\cmp 208\week 6\gef_abertay\build\vs2017\x64\debug\matrix44.obj
d:\university stuff\cmp 208\week 6\gef_abertay\build\vs2017\x64\debug\matrix33.obj
d:\university stuff\cmp 208\week 6\gef_abertay\build\vs2017\x64\debug\frustum.obj
d:\university stuff\cmp 208\week 6\gef_abertay\build\vs2017\x64\debug\aabb.obj
d:\university stuff\cmp 208\week 6\gef_abertay\build\vs2017\x64\debug\touch_input_manager.obj
d:\university stuff\cmp 208\week 6\gef_abertay\build\vs2017\x64\debug\sony_controller_input_manager.obj
d:\university stuff\cmp 208\week 6\gef_abertay\build\vs2017\x64\debug\keyboard.obj
d:\university stuff\cmp 208\week 6\gef_abertay\build\vs2017\x64\debug\input_manager.obj
d:\university stuff\cmp 208\week 6\gef_abertay\build\vs2017\x64\debug\vertex_buffer.obj
d:\university stuff\cmp 208\week 6\gef_abertay\build\vs2017\x64\debug\texture.obj
d:\university stuff\cmp 208\week 6\gef_abertay\build\vs2017\x64\debug\sprite_renderer.obj
d:\university stuff\cmp 208\week 6\gef_abertay\build\vs2017\x64\debug\sprite.obj
d:\university stuff\cmp 208\week 6\gef_abertay\build\vs2017\x64\debug\skinned_mesh_shader_data.obj
d:\university stuff\cmp 208\week 6\gef_abertay\build\vs2017\x64\debug\skinned_mesh_instance.obj
d:\university stuff\cmp 208\week 6\gef_abertay\build\vs2017\x64\debug\shader_interface.obj
d:\university stuff\cmp 208\week 6\gef_abertay\build\vs2017\x64\debug\shader.obj
d:\university stuff\cmp 208\week 6\gef_abertay\build\vs2017\x64\debug\scene.obj
d:\university stuff\cmp 208\week 6\gef_abertay\build\vs2017\x64\debug\render_target.obj
d:\university stuff\cmp 208\week 6\gef_abertay\build\vs2017\x64\debug\renderer_3d.obj
d:\university stuff\cmp 208\week 6\gef_abertay\build\vs2017\x64\debug\primitive.obj
d:\university stuff\cmp 208\week 6\gef_abertay\build\vs2017\x64\debug\string_id.obj
d:\university stuff\cmp 208\week 6\gef_abertay\build\vs2017\x64\debug\platform.obj
d:\university stuff\cmp 208\week 6\gef_abertay\build\vs2017\x64\debug\memory_stream_buffer.obj
d:\university stuff\cmp 208\week 6\gef_abertay\build\vs2017\x64\debug\file.obj
d:\university stuff\cmp 208\week 6\gef_abertay\build\vs2017\x64\debug\crc.obj
d:\university stuff\cmp 208\week 6\gef_abertay\build\vs2017\x64\debug\application.obj
d:\university stuff\cmp 208\week 6\gef_abertay\build\vs2017\x64\debug\vector4.obj
d:\university stuff\cmp 208\week 6\gef_abertay\build\vs2017\x64\debug\vector2.obj
d:\university stuff\cmp 208\week 6\gef_abertay\build\vs2017\x64\debug\transform.obj
d:\university stuff\cmp 208\week 6\gef_abertay\build\vs2017\x64\debug\sphere.obj
d:\university stuff\cmp 208\week 6\gef_abertay\build\vs2017\x64\debug\quaternion.obj
d:\university stuff\cmp 208\week 6\gef_abertay\build\vs2017\x64\debug\plane.obj
d:\university stuff\cmp 208\assignment\gef_abertay\build\vs2017\x64\debug\gef.pdb
d:\university stuff\cmp 208\assignment\gef_abertay\build\vs2017\x64\debug\gef.idb
d:\university stuff\cmp 208\assignment\gef_abertay\build\vs2017\x64\debug\model.obj
d:\university stuff\cmp 208\assignment\gef_abertay\build\vs2017\x64\debug\mesh_instance.obj
d:\university stuff\cmp 208\assignment\gef_abertay\build\vs2017\x64\debug\mesh_data.obj
d:\university stuff\cmp 208\assignment\gef_abertay\build\vs2017\x64\debug\mesh.obj
d:\university stuff\cmp 208\assignment\gef_abertay\build\vs2017\x64\debug\material.obj
d:\university stuff\cmp 208\assignment\gef_abertay\build\vs2017\x64\debug\index_buffer.obj
d:\university stuff\cmp 208\assignment\gef_abertay\build\vs2017\x64\debug\image_data.obj
d:\university stuff\cmp 208\assignment\gef_abertay\build\vs2017\x64\debug\font.obj
d:\university stuff\cmp 208\assignment\gef_abertay\build\vs2017\x64\debug\depth_buffer.obj
d:\university stuff\cmp 208\assignment\gef_abertay\build\vs2017\x64\debug\default_sprite_shader.obj
d:\university stuff\cmp 208\assignment\gef_abertay\build\vs2017\x64\debug\default_3d_skinning_shader.obj
d:\university stuff\cmp 208\assignment\gef_abertay\build\vs2017\x64\debug\default_3d_shader_data.obj
d:\university stuff\cmp 208\assignment\gef_abertay\build\vs2017\x64\debug\default_3d_shader.obj
d:\university stuff\cmp 208\assignment\gef_abertay\build\vs2017\x64\debug\colour.obj
d:\university stuff\cmp 208\assignment\gef_abertay\build\vs2017\x64\debug\audio_manager.obj
d:\university stuff\cmp 208\assignment\gef_abertay\build\vs2017\x64\debug\png_loader.obj
d:\university stuff\cmp 208\assignment\gef_abertay\build\vs2017\x64\debug\obj_loader.obj
d:\university stuff\cmp 208\assignment\gef_abertay\build\vs2017\x64\debug\skeleton.obj
d:\university stuff\cmp 208\assignment\gef_abertay\build\vs2017\x64\debug\joint.obj
d:\university stuff\cmp 208\assignment\gef_abertay\build\vs2017\x64\debug\animation.obj
d:\university stuff\cmp 208\assignment\gef_abertay\build\vs2017\x64\debug\matrix44.obj
d:\university stuff\cmp 208\assignment\gef_abertay\build\vs2017\x64\debug\matrix33.obj
d:\university stuff\cmp 208\assignment\gef_abertay\build\vs2017\x64\debug\frustum.obj
d:\university stuff\cmp 208\assignment\gef_abertay\build\vs2017\x64\debug\aabb.obj
d:\university stuff\cmp 208\assignment\gef_abertay\build\vs2017\x64\debug\touch_input_manager.obj
d:\university stuff\cmp 208\assignment\gef_abertay\build\vs2017\x64\debug\sony_controller_input_manager.obj
d:\university stuff\cmp 208\assignment\gef_abertay\build\vs2017\x64\debug\keyboard.obj
d:\university stuff\cmp 208\assignment\gef_abertay\build\vs2017\x64\debug\input_manager.obj
d:\university stuff\cmp 208\assignment\gef_abertay\build\vs2017\x64\debug\vertex_buffer.obj
d:\university stuff\cmp 208\assignment\gef_abertay\build\vs2017\x64\debug\texture.obj
d:\university stuff\cmp 208\assignment\gef_abertay\build\vs2017\x64\debug\sprite_renderer.obj
d:\university stuff\cmp 208\assignment\gef_abertay\build\vs2017\x64\debug\sprite.obj
d:\university stuff\cmp 208\assignment\gef_abertay\build\vs2017\x64\debug\skinned_mesh_shader_data.obj
d:\university stuff\cmp 208\assignment\gef_abertay\build\vs2017\x64\debug\skinned_mesh_instance.obj
d:\university stuff\cmp 208\assignment\gef_abertay\build\vs2017\x64\debug\shader_interface.obj
d:\university stuff\cmp 208\assignment\gef_abertay\build\vs2017\x64\debug\shader.obj
d:\university stuff\cmp 208\assignment\gef_abertay\build\vs2017\x64\debug\scene.obj
d:\university stuff\cmp 208\assignment\gef_abertay\build\vs2017\x64\debug\render_target.obj
d:\university stuff\cmp 208\assignment\gef_abertay\build\vs2017\x64\debug\renderer_3d.obj
d:\university stuff\cmp 208\assignment\gef_abertay\build\vs2017\x64\debug\primitive.obj
d:\university stuff\cmp 208\assignment\gef_abertay\build\vs2017\x64\debug\string_id.obj
d:\university stuff\cmp 208\assignment\gef_abertay\build\vs2017\x64\debug\platform.obj
d:\university stuff\cmp 208\assignment\gef_abertay\build\vs2017\x64\debug\memory_stream_buffer.obj
d:\university stuff\cmp 208\assignment\gef_abertay\build\vs2017\x64\debug\file.obj
d:\university stuff\cmp 208\assignment\gef_abertay\build\vs2017\x64\debug\crc.obj
d:\university stuff\cmp 208\assignment\gef_abertay\build\vs2017\x64\debug\application.obj
d:\university stuff\cmp 208\assignment\gef_abertay\build\vs2017\x64\debug\vector4.obj
d:\university stuff\cmp 208\assignment\gef_abertay\build\vs2017\x64\debug\vector2.obj
d:\university stuff\cmp 208\assignment\gef_abertay\build\vs2017\x64\debug\transform.obj
d:\university stuff\cmp 208\assignment\gef_abertay\build\vs2017\x64\debug\sphere.obj
d:\university stuff\cmp 208\assignment\gef_abertay\build\vs2017\x64\debug\quaternion.obj
d:\university stuff\cmp 208\assignment\gef_abertay\build\vs2017\x64\debug\plane.obj
d:\university stuff\cmp 208\assignment 2\gef_abertay\build\vs2017\x64\debug\gef.pdb
d:\university stuff\cmp 208\assignment 2\gef_abertay\build\vs2017\x64\debug\gef.idb
d:\university stuff\cmp 208\assignment 2\gef_abertay\build\vs2017\x64\debug\model.obj
d:\university stuff\cmp 208\assignment 2\gef_abertay\build\vs2017\x64\debug\mesh_instance.obj
d:\university stuff\cmp 208\assignment 2\gef_abertay\build\vs2017\x64\debug\mesh_data.obj
d:\university stuff\cmp 208\assignment 2\gef_abertay\build\vs2017\x64\debug\mesh.obj
d:\university stuff\cmp 208\assignment 2\gef_abertay\build\vs2017\x64\debug\material.obj
d:\university stuff\cmp 208\assignment 2\gef_abertay\build\vs2017\x64\debug\index_buffer.obj
d:\university stuff\cmp 208\assignment 2\gef_abertay\build\vs2017\x64\debug\image_data.obj
d:\university stuff\cmp 208\assignment 2\gef_abertay\build\vs2017\x64\debug\font.obj
d:\university stuff\cmp 208\assignment 2\gef_abertay\build\vs2017\x64\debug\depth_buffer.obj
d:\university stuff\cmp 208\assignment 2\gef_abertay\build\vs2017\x64\debug\default_sprite_shader.obj
d:\university stuff\cmp 208\assignment 2\gef_abertay\build\vs2017\x64\debug\default_3d_skinning_shader.obj
d:\university stuff\cmp 208\assignment 2\gef_abertay\build\vs2017\x64\debug\default_3d_shader_data.obj
d:\university stuff\cmp 208\assignment 2\gef_abertay\build\vs2017\x64\debug\default_3d_shader.obj
d:\university stuff\cmp 208\assignment 2\gef_abertay\build\vs2017\x64\debug\colour.obj
d:\university stuff\cmp 208\assignment 2\gef_abertay\build\vs2017\x64\debug\audio_manager.obj
d:\university stuff\cmp 208\assignment 2\gef_abertay\build\vs2017\x64\debug\png_loader.obj
d:\university stuff\cmp 208\assignment 2\gef_abertay\build\vs2017\x64\debug\obj_loader.obj
d:\university stuff\cmp 208\assignment 2\gef_abertay\build\vs2017\x64\debug\skeleton.obj
d:\university stuff\cmp 208\assignment 2\gef_abertay\build\vs2017\x64\debug\joint.obj
d:\university stuff\cmp 208\assignment 2\gef_abertay\build\vs2017\x64\debug\animation.obj
d:\university stuff\cmp 208\assignment 2\gef_abertay\build\vs2017\x64\debug\matrix44.obj
d:\university stuff\cmp 208\assignment 2\gef_abertay\build\vs2017\x64\debug\matrix33.obj
d:\university stuff\cmp 208\assignment 2\gef_abertay\build\vs2017\x64\debug\frustum.obj
d:\university stuff\cmp 208\assignment 2\gef_abertay\build\vs2017\x64\debug\aabb.obj
d:\university stuff\cmp 208\assignment 2\gef_abertay\build\vs2017\x64\debug\touch_input_manager.obj
d:\university stuff\cmp 208\assignment 2\gef_abertay\build\vs2017\x64\debug\sony_controller_input_manager.obj
d:\university stuff\cmp 208\assignment 2\gef_abertay\build\vs2017\x64\debug\keyboard.obj
d:\university stuff\cmp 208\assignment 2\gef_abertay\build\vs2017\x64\debug\input_manager.obj
d:\university stuff\cmp 208\assignment 2\gef_abertay\build\vs2017\x64\debug\vertex_buffer.obj
d:\university stuff\cmp 208\assignment 2\gef_abertay\build\vs2017\x64\debug\texture.obj
d:\university stuff\cmp 208\assignment 2\gef_abertay\build\vs2017\x64\debug\sprite_renderer.obj
d:\university stuff\cmp 208\assignment 2\gef_abertay\build\vs2017\x64\debug\sprite.obj
d:\university stuff\cmp 208\assignment 2\gef_abertay\build\vs2017\x64\debug\skinned_mesh_shader_data.obj
d:\university stuff\cmp 208\assignment 2\gef_abertay\build\vs2017\x64\debug\skinned_mesh_instance.obj
d:\university stuff\cmp 208\assignment 2\gef_abertay\build\vs2017\x64\debug\shader_interface.obj
d:\university stuff\cmp 208\assignment 2\gef_abertay\build\vs2017\x64\debug\shader.obj
d:\university stuff\cmp 208\assignment 2\gef_abertay\build\vs2017\x64\debug\scene.obj
d:\university stuff\cmp 208\assignment 2\gef_abertay\build\vs2017\x64\debug\render_target.obj
d:\university stuff\cmp 208\assignment 2\gef_abertay\build\vs2017\x64\debug\renderer_3d.obj
d:\university stuff\cmp 208\assignment 2\gef_abertay\build\vs2017\x64\debug\primitive.obj
d:\university stuff\cmp 208\assignment 2\gef_abertay\build\vs2017\x64\debug\string_id.obj
d:\university stuff\cmp 208\assignment 2\gef_abertay\build\vs2017\x64\debug\platform.obj
d:\university stuff\cmp 208\assignment 2\gef_abertay\build\vs2017\x64\debug\memory_stream_buffer.obj
d:\university stuff\cmp 208\assignment 2\gef_abertay\build\vs2017\x64\debug\file.obj
d:\university stuff\cmp 208\assignment 2\gef_abertay\build\vs2017\x64\debug\crc.obj
d:\university stuff\cmp 208\assignment 2\gef_abertay\build\vs2017\x64\debug\application.obj
d:\university stuff\cmp 208\assignment 2\gef_abertay\build\vs2017\x64\debug\vector4.obj
d:\university stuff\cmp 208\assignment 2\gef_abertay\build\vs2017\x64\debug\vector2.obj
d:\university stuff\cmp 208\assignment 2\gef_abertay\build\vs2017\x64\debug\transform.obj
d:\university stuff\cmp 208\assignment 2\gef_abertay\build\vs2017\x64\debug\sphere.obj
d:\university stuff\cmp 208\assignment 2\gef_abertay\build\vs2017\x64\debug\quaternion.obj
d:\university stuff\cmp 208\assignment 2\gef_abertay\build\vs2017\x64\debug\plane.obj
d:\university stuff\cmp 208\week 3\touch_input-iremixuk\build\vs2017\x64\debug\gef.lib
d:\university stuff\cmp 208\week 4\3d_scene-iremixuk\build\vs2017\x64\debug\gef.lib
d:\university stuff\cmp 208\week 5\box2d_scene-iremixuk\build\vs2017\x64\debug\gef.lib
d:\university stuff\cmp 208\week 6\box2d_collisions-iremixuk\build\vs2017\x64\debug\gef.lib
d:\university stuff\cmp 208\assignment\assignment\build\vs2017\x64\debug\gef.lib
d:\university stuff\cmp 208\assignment 2\assignment\build\vs2017\x64\debug\gef.lib
d:\university stuff\cmp 208\assignment 2\gef_abertay\build\vs2017\x64\debug\gef.tlog\cl.command.1.tlog
d:\university stuff\cmp 208\assignment 2\gef_abertay\build\vs2017\x64\debug\gef.tlog\cl.read.1.tlog
d:\university stuff\cmp 208\assignment 2\gef_abertay\build\vs2017\x64\debug\gef.tlog\cl.write.1.tlog
d:\university stuff\cmp 208\assignment 2\gef_abertay\build\vs2017\x64\debug\gef.tlog\lib-link.read.1.tlog
d:\university stuff\cmp 208\assignment 2\gef_abertay\build\vs2017\x64\debug\gef.tlog\lib-link.write.1.tlog
d:\university stuff\cmp 208\assignment 2\gef_abertay\build\vs2017\x64\debug\gef.tlog\lib.command.1.tlog
