  animation.cpp
  joint.cpp
  skeleton.cpp
  obj_loader.cpp
  png_loader.cpp
  audio_manager.cpp
  colour.cpp
  default_3d_shader.cpp
  default_3d_shader_data.cpp
  default_3d_skinning_shader.cpp
  default_sprite_shader.cpp
  depth_buffer.cpp
  font.cpp
  image_data.cpp
  index_buffer.cpp
  material.cpp
  mesh.cpp
  mesh_data.cpp
  mesh_instance.cpp
  model.cpp
  Generating Code...
  Compiling...
  primitive.cpp
  renderer_3d.cpp
  render_target.cpp
  scene.cpp
  shader.cpp
  shader_interface.cpp
  skinned_mesh_instance.cpp
  skinned_mesh_shader_data.cpp
  sprite.cpp
  sprite_renderer.cpp
  texture.cpp
  vertex_buffer.cpp
  input_manager.cpp
  keyboard.cpp
  sony_controller_input_manager.cpp
  touch_input_manager.cpp
  aabb.cpp
  frustum.cpp
  matrix33.cpp
  matrix44.cpp
  Generating Code...
  Compiling...
  plane.cpp
  quaternion.cpp
  sphere.cpp
  transform.cpp
  vector2.cpp
  vector4.cpp
  application.cpp
  crc.cpp
  file.cpp
  memory_stream_buffer.cpp
  platform.cpp
  string_id.cpp
  Generating Code...
  gef.vcxproj -> D:\University Stuff\CMP 208\Assignment 2 - Copy (2)\Assignment\build\vs2017\x64\Debug\gef.lib
