d:\university stuff\cmp 208\week 3\gef_abertay\platform\win32\build\vs2017\x64\debug\gef_win32.pdb
d:\university stuff\cmp 208\week 3\gef_abertay\platform\win32\build\vs2017\x64\debug\gef_win32.idb
d:\university stuff\cmp 208\week 3\gef_abertay\platform\win32\build\vs2017\x64\debug\window_win32.obj
d:\university stuff\cmp 208\week 3\gef_abertay\platform\win32\build\vs2017\x64\debug\platform_win32_null_renderer.obj
d:\university stuff\cmp 208\week 3\gef_abertay\platform\win32\build\vs2017\x64\debug\file_win32.obj
d:\university stuff\cmp 208\week 3\gef_abertay\platform\win32\build\vs2017\x64\debug\debug_log_win32.obj
d:\university stuff\cmp 208\week 4\gef_abertay\platform\win32\build\vs2017\x64\debug\gef_win32.pdb
d:\university stuff\cmp 208\week 4\gef_abertay\platform\win32\build\vs2017\x64\debug\gef_win32.idb
d:\university stuff\cmp 208\week 4\gef_abertay\platform\win32\build\vs2017\x64\debug\window_win32.obj
d:\university stuff\cmp 208\week 4\gef_abertay\platform\win32\build\vs2017\x64\debug\platform_win32_null_renderer.obj
d:\university stuff\cmp 208\week 4\gef_abertay\platform\win32\build\vs2017\x64\debug\file_win32.obj
d:\university stuff\cmp 208\week 4\gef_abertay\platform\win32\build\vs2017\x64\debug\debug_log_win32.obj
d:\university stuff\cmp 208\week 5\gef_abertay\platform\win32\build\vs2017\x64\debug\gef_win32.pdb
d:\university stuff\cmp 208\week 5\gef_abertay\platform\win32\build\vs2017\x64\debug\gef_win32.idb
d:\university stuff\cmp 208\week 5\gef_abertay\platform\win32\build\vs2017\x64\debug\window_win32.obj
d:\university stuff\cmp 208\week 5\gef_abertay\platform\win32\build\vs2017\x64\debug\platform_win32_null_renderer.obj
d:\university stuff\cmp 208\week 5\gef_abertay\platform\win32\build\vs2017\x64\debug\file_win32.obj
d:\university stuff\cmp 208\week 5\gef_abertay\platform\win32\build\vs2017\x64\debug\debug_log_win32.obj
d:\university stuff\cmp 208\week 6\gef_abertay\platform\win32\build\vs2017\x64\debug\gef_win32.pdb
d:\university stuff\cmp 208\week 6\gef_abertay\platform\win32\build\vs2017\x64\debug\gef_win32.idb
d:\university stuff\cmp 208\week 6\gef_abertay\platform\win32\build\vs2017\x64\debug\window_win32.obj
d:\university stuff\cmp 208\week 6\gef_abertay\platform\win32\build\vs2017\x64\debug\platform_win32_null_renderer.obj
d:\university stuff\cmp 208\week 6\gef_abertay\platform\win32\build\vs2017\x64\debug\file_win32.obj
d:\university stuff\cmp 208\week 6\gef_abertay\platform\win32\build\vs2017\x64\debug\debug_log_win32.obj
d:\university stuff\cmp 208\assignment\gef_abertay\platform\win32\build\vs2017\x64\debug\gef_win32.pdb
d:\university stuff\cmp 208\assignment\gef_abertay\platform\win32\build\vs2017\x64\debug\gef_win32.idb
d:\university stuff\cmp 208\assignment\gef_abertay\platform\win32\build\vs2017\x64\debug\window_win32.obj
d:\university stuff\cmp 208\assignment\gef_abertay\platform\win32\build\vs2017\x64\debug\platform_win32_null_renderer.obj
d:\university stuff\cmp 208\assignment\gef_abertay\platform\win32\build\vs2017\x64\debug\file_win32.obj
d:\university stuff\cmp 208\assignment\gef_abertay\platform\win32\build\vs2017\x64\debug\debug_log_win32.obj
d:\university stuff\cmp 208\assignment 2\gef_abertay\platform\win32\build\vs2017\x64\debug\gef_win32.pdb
d:\university stuff\cmp 208\assignment 2\gef_abertay\platform\win32\build\vs2017\x64\debug\gef_win32.idb
d:\university stuff\cmp 208\assignment 2\gef_abertay\platform\win32\build\vs2017\x64\debug\window_win32.obj
d:\university stuff\cmp 208\assignment 2\gef_abertay\platform\win32\build\vs2017\x64\debug\platform_win32_null_renderer.obj
d:\university stuff\cmp 208\assignment 2\gef_abertay\platform\win32\build\vs2017\x64\debug\file_win32.obj
d:\university stuff\cmp 208\assignment 2\gef_abertay\platform\win32\build\vs2017\x64\debug\debug_log_win32.obj
d:\university stuff\cmp 208\week 3\touch_input-iremixuk\build\vs2017\x64\debug\gef_win32.lib
d:\university stuff\cmp 208\week 4\3d_scene-iremixuk\build\vs2017\x64\debug\gef_win32.lib
d:\university stuff\cmp 208\week 5\box2d_scene-iremixuk\build\vs2017\x64\debug\gef_win32.lib
d:\university stuff\cmp 208\week 6\box2d_collisions-iremixuk\build\vs2017\x64\debug\gef_win32.lib
d:\university stuff\cmp 208\assignment\assignment\build\vs2017\x64\debug\gef_win32.lib
d:\university stuff\cmp 208\assignment 2\assignment\build\vs2017\x64\debug\gef_win32.lib
d:\university stuff\cmp 208\assignment 2\gef_abertay\platform\win32\build\vs2017\x64\debug\gef_win32.tlog\cl.command.1.tlog
d:\university stuff\cmp 208\assignment 2\gef_abertay\platform\win32\build\vs2017\x64\debug\gef_win32.tlog\cl.read.1.tlog
d:\university stuff\cmp 208\assignment 2\gef_abertay\platform\win32\build\vs2017\x64\debug\gef_win32.tlog\cl.write.1.tlog
d:\university stuff\cmp 208\assignment 2\gef_abertay\platform\win32\build\vs2017\x64\debug\gef_win32.tlog\lib-link.read.1.tlog
d:\university stuff\cmp 208\assignment 2\gef_abertay\platform\win32\build\vs2017\x64\debug\gef_win32.tlog\lib-link.write.1.tlog
d:\university stuff\cmp 208\assignment 2\gef_abertay\platform\win32\build\vs2017\x64\debug\gef_win32.tlog\lib.command.1.tlog
