  game_object.cpp
  main_d3d11.cpp
  primitive_builder.cpp
  scene_app.cpp
D:\University Stuff\CMP 208\Assignment 2 - Copy (2)\Assignment\scene_app.cpp(50,12): warning C4244: 'argument': conversion from 'time_t' to 'unsigned int', possible loss of data
D:\University Stuff\CMP 208\Assignment 2 - Copy (2)\Assignment\scene_app.cpp(353,12): warning C4244: 'argument': conversion from 'time_t' to 'unsigned int', possible loss of data
  Asteroids.cpp
D:\University Stuff\CMP 208\Assignment 2 - Copy (2)\Assignment\build\vs2017\Asteroids.cpp(19,36): warning C4305: '=': truncation from 'double' to 'float'
D:\University Stuff\CMP 208\Assignment 2 - Copy (2)\Assignment\build\vs2017\Asteroids.cpp(36,56): warning C4305: 'argument': truncation from 'double' to 'const float'
  Bullet.cpp
D:\University Stuff\CMP 208\Assignment 2 - Copy (2)\Assignment\build\vs2017\Bullet.cpp(19,34): warning C4305: '=': truncation from 'double' to 'float'
  Enviroment.cpp
  load_texture.cpp
  player.cpp
D:\University Stuff\CMP 208\Assignment 2 - Copy (2)\Assignment\build\vs2017\player.cpp(39,33): warning C4305: 'argument': truncation from 'double' to 'float'
  Generating Code...
gef_d3d11.lib(ThreadImpl.cpp.obj) : warning LNK4099: PDB 'sfml-system-s-d.pdb' was not found with 'gef_d3d11.lib(ThreadImpl.cpp.obj)' or at 'D:\University Stuff\CMP 208\Assignment 2 - Copy (2)\Assignment\build\vs2017\x64\Debug\sfml-system-s-d.pdb'; linking object as if no debug info
gef_d3d11.lib(SleepImpl.cpp.obj) : warning LNK4099: PDB 'sfml-system-s-d.pdb' was not found with 'gef_d3d11.lib(SleepImpl.cpp.obj)' or at 'D:\University Stuff\CMP 208\Assignment 2 - Copy (2)\Assignment\build\vs2017\x64\Debug\sfml-system-s-d.pdb'; linking object as if no debug info
gef_d3d11.lib(MutexImpl.cpp.obj) : warning LNK4099: PDB 'sfml-system-s-d.pdb' was not found with 'gef_d3d11.lib(MutexImpl.cpp.obj)' or at 'D:\University Stuff\CMP 208\Assignment 2 - Copy (2)\Assignment\build\vs2017\x64\Debug\sfml-system-s-d.pdb'; linking object as if no debug info
gef_d3d11.lib(MemoryInputStream.cpp.obj) : warning LNK4099: PDB 'sfml-system-s-d.pdb' was not found with 'gef_d3d11.lib(MemoryInputStream.cpp.obj)' or at 'D:\University Stuff\CMP 208\Assignment 2 - Copy (2)\Assignment\build\vs2017\x64\Debug\sfml-system-s-d.pdb'; linking object as if no debug info
gef_d3d11.lib(FileInputStream.cpp.obj) : warning LNK4099: PDB 'sfml-system-s-d.pdb' was not found with 'gef_d3d11.lib(FileInputStream.cpp.obj)' or at 'D:\University Stuff\CMP 208\Assignment 2 - Copy (2)\Assignment\build\vs2017\x64\Debug\sfml-system-s-d.pdb'; linking object as if no debug info
gef_d3d11.lib(Time.cpp.obj) : warning LNK4099: PDB 'sfml-system-s-d.pdb' was not found with 'gef_d3d11.lib(Time.cpp.obj)' or at 'D:\University Stuff\CMP 208\Assignment 2 - Copy (2)\Assignment\build\vs2017\x64\Debug\sfml-system-s-d.pdb'; linking object as if no debug info
gef_d3d11.lib(Thread.cpp.obj) : warning LNK4099: PDB 'sfml-system-s-d.pdb' was not found with 'gef_d3d11.lib(Thread.cpp.obj)' or at 'D:\University Stuff\CMP 208\Assignment 2 - Copy (2)\Assignment\build\vs2017\x64\Debug\sfml-system-s-d.pdb'; linking object as if no debug info
gef_d3d11.lib(Sleep.cpp.obj) : warning LNK4099: PDB 'sfml-system-s-d.pdb' was not found with 'gef_d3d11.lib(Sleep.cpp.obj)' or at 'D:\University Stuff\CMP 208\Assignment 2 - Copy (2)\Assignment\build\vs2017\x64\Debug\sfml-system-s-d.pdb'; linking object as if no debug info
gef_d3d11.lib(Mutex.cpp.obj) : warning LNK4099: PDB 'sfml-system-s-d.pdb' was not found with 'gef_d3d11.lib(Mutex.cpp.obj)' or at 'D:\University Stuff\CMP 208\Assignment 2 - Copy (2)\Assignment\build\vs2017\x64\Debug\sfml-system-s-d.pdb'; linking object as if no debug info
gef_d3d11.lib(Lock.cpp.obj) : warning LNK4099: PDB 'sfml-system-s-d.pdb' was not found with 'gef_d3d11.lib(Lock.cpp.obj)' or at 'D:\University Stuff\CMP 208\Assignment 2 - Copy (2)\Assignment\build\vs2017\x64\Debug\sfml-system-s-d.pdb'; linking object as if no debug info
gef_d3d11.lib(Err.cpp.obj) : warning LNK4099: PDB 'sfml-system-s-d.pdb' was not found with 'gef_d3d11.lib(Err.cpp.obj)' or at 'D:\University Stuff\CMP 208\Assignment 2 - Copy (2)\Assignment\build\vs2017\x64\Debug\sfml-system-s-d.pdb'; linking object as if no debug info
gef_d3d11.lib(SoundFileWriterWav.cpp.obj) : warning LNK4099: PDB 'sfml-audio-s-d.pdb' was not found with 'gef_d3d11.lib(SoundFileWriterWav.cpp.obj)' or at 'D:\University Stuff\CMP 208\Assignment 2 - Copy (2)\Assignment\build\vs2017\x64\Debug\sfml-audio-s-d.pdb'; linking object as if no debug info
gef_d3d11.lib(SoundFileWriterOgg.cpp.obj) : warning LNK4099: PDB 'sfml-audio-s-d.pdb' was not found with 'gef_d3d11.lib(SoundFileWriterOgg.cpp.obj)' or at 'D:\University Stuff\CMP 208\Assignment 2 - Copy (2)\Assignment\build\vs2017\x64\Debug\sfml-audio-s-d.pdb'; linking object as if no debug info
gef_d3d11.lib(SoundFileWriterFlac.cpp.obj) : warning LNK4099: PDB 'sfml-audio-s-d.pdb' was not found with 'gef_d3d11.lib(SoundFileWriterFlac.cpp.obj)' or at 'D:\University Stuff\CMP 208\Assignment 2 - Copy (2)\Assignment\build\vs2017\x64\Debug\sfml-audio-s-d.pdb'; linking object as if no debug info
gef_d3d11.lib(SoundFileReaderWav.cpp.obj) : warning LNK4099: PDB 'sfml-audio-s-d.pdb' was not found with 'gef_d3d11.lib(SoundFileReaderWav.cpp.obj)' or at 'D:\University Stuff\CMP 208\Assignment 2 - Copy (2)\Assignment\build\vs2017\x64\Debug\sfml-audio-s-d.pdb'; linking object as if no debug info
gef_d3d11.lib(SoundFileReaderOgg.cpp.obj) : warning LNK4099: PDB 'sfml-audio-s-d.pdb' was not found with 'gef_d3d11.lib(SoundFileReaderOgg.cpp.obj)' or at 'D:\University Stuff\CMP 208\Assignment 2 - Copy (2)\Assignment\build\vs2017\x64\Debug\sfml-audio-s-d.pdb'; linking object as if no debug info
gef_d3d11.lib(SoundFileReaderFlac.cpp.obj) : warning LNK4099: PDB 'sfml-audio-s-d.pdb' was not found with 'gef_d3d11.lib(SoundFileReaderFlac.cpp.obj)' or at 'D:\University Stuff\CMP 208\Assignment 2 - Copy (2)\Assignment\build\vs2017\x64\Debug\sfml-audio-s-d.pdb'; linking object as if no debug info
gef_d3d11.lib(SoundFileFactory.cpp.obj) : warning LNK4099: PDB 'sfml-audio-s-d.pdb' was not found with 'gef_d3d11.lib(SoundFileFactory.cpp.obj)' or at 'D:\University Stuff\CMP 208\Assignment 2 - Copy (2)\Assignment\build\vs2017\x64\Debug\sfml-audio-s-d.pdb'; linking object as if no debug info
gef_d3d11.lib(SoundStream.cpp.obj) : warning LNK4099: PDB 'sfml-audio-s-d.pdb' was not found with 'gef_d3d11.lib(SoundStream.cpp.obj)' or at 'D:\University Stuff\CMP 208\Assignment 2 - Copy (2)\Assignment\build\vs2017\x64\Debug\sfml-audio-s-d.pdb'; linking object as if no debug info
gef_d3d11.lib(SoundSource.cpp.obj) : warning LNK4099: PDB 'sfml-audio-s-d.pdb' was not found with 'gef_d3d11.lib(SoundSource.cpp.obj)' or at 'D:\University Stuff\CMP 208\Assignment 2 - Copy (2)\Assignment\build\vs2017\x64\Debug\sfml-audio-s-d.pdb'; linking object as if no debug info
gef_d3d11.lib(OutputSoundFile.cpp.obj) : warning LNK4099: PDB 'sfml-audio-s-d.pdb' was not found with 'gef_d3d11.lib(OutputSoundFile.cpp.obj)' or at 'D:\University Stuff\CMP 208\Assignment 2 - Copy (2)\Assignment\build\vs2017\x64\Debug\sfml-audio-s-d.pdb'; linking object as if no debug info
gef_d3d11.lib(InputSoundFile.cpp.obj) : warning LNK4099: PDB 'sfml-audio-s-d.pdb' was not found with 'gef_d3d11.lib(InputSoundFile.cpp.obj)' or at 'D:\University Stuff\CMP 208\Assignment 2 - Copy (2)\Assignment\build\vs2017\x64\Debug\sfml-audio-s-d.pdb'; linking object as if no debug info
gef_d3d11.lib(SoundBuffer.cpp.obj) : warning LNK4099: PDB 'sfml-audio-s-d.pdb' was not found with 'gef_d3d11.lib(SoundBuffer.cpp.obj)' or at 'D:\University Stuff\CMP 208\Assignment 2 - Copy (2)\Assignment\build\vs2017\x64\Debug\sfml-audio-s-d.pdb'; linking object as if no debug info
gef_d3d11.lib(Sound.cpp.obj) : warning LNK4099: PDB 'sfml-audio-s-d.pdb' was not found with 'gef_d3d11.lib(Sound.cpp.obj)' or at 'D:\University Stuff\CMP 208\Assignment 2 - Copy (2)\Assignment\build\vs2017\x64\Debug\sfml-audio-s-d.pdb'; linking object as if no debug info
gef_d3d11.lib(Music.cpp.obj) : warning LNK4099: PDB 'sfml-audio-s-d.pdb' was not found with 'gef_d3d11.lib(Music.cpp.obj)' or at 'D:\University Stuff\CMP 208\Assignment 2 - Copy (2)\Assignment\build\vs2017\x64\Debug\sfml-audio-s-d.pdb'; linking object as if no debug info
gef_d3d11.lib(Listener.cpp.obj) : warning LNK4099: PDB 'sfml-audio-s-d.pdb' was not found with 'gef_d3d11.lib(Listener.cpp.obj)' or at 'D:\University Stuff\CMP 208\Assignment 2 - Copy (2)\Assignment\build\vs2017\x64\Debug\sfml-audio-s-d.pdb'; linking object as if no debug info
gef_d3d11.lib(AudioDevice.cpp.obj) : warning LNK4099: PDB 'sfml-audio-s-d.pdb' was not found with 'gef_d3d11.lib(AudioDevice.cpp.obj)' or at 'D:\University Stuff\CMP 208\Assignment 2 - Copy (2)\Assignment\build\vs2017\x64\Debug\sfml-audio-s-d.pdb'; linking object as if no debug info
gef_d3d11.lib(AlResource.cpp.obj) : warning LNK4099: PDB 'sfml-audio-s-d.pdb' was not found with 'gef_d3d11.lib(AlResource.cpp.obj)' or at 'D:\University Stuff\CMP 208\Assignment 2 - Copy (2)\Assignment\build\vs2017\x64\Debug\sfml-audio-s-d.pdb'; linking object as if no debug info
gef_d3d11.lib(ALCheck.cpp.obj) : warning LNK4099: PDB 'sfml-audio-s-d.pdb' was not found with 'gef_d3d11.lib(ALCheck.cpp.obj)' or at 'D:\University Stuff\CMP 208\Assignment 2 - Copy (2)\Assignment\build\vs2017\x64\Debug\sfml-audio-s-d.pdb'; linking object as if no debug info
  scene_app.vcxproj -> D:\University Stuff\CMP 208\Assignment 2 - Copy (2)\Assignment\build\vs2017\x64\Debug\scene_app.exe
