d:\university stuff\cmp 208\week 6\box2d_collisions-iremixuk\build\vs2017\x64\debug\vc142.pdb
d:\university stuff\cmp 208\week 6\box2d_collisions-iremixuk\build\vs2017\x64\debug\vc142.idb
d:\university stuff\cmp 208\week 6\box2d_collisions-iremixuk\build\vs2017\x64\debug\scene_app.obj
d:\university stuff\cmp 208\week 6\box2d_collisions-iremixuk\build\vs2017\x64\debug\primitive_builder.obj
d:\university stuff\cmp 208\week 6\box2d_collisions-iremixuk\build\vs2017\x64\debug\main_d3d11.obj
d:\university stuff\cmp 208\week 6\box2d_collisions-iremixuk\build\vs2017\x64\debug\game_object.obj
d:\university stuff\cmp 208\week 6\box2d_collisions-iremixuk\build\vs2017\x64\debug\player.obj
d:\university stuff\cmp 208\assignment\assignment\build\vs2017\x64\debug\vc142.pdb
d:\university stuff\cmp 208\assignment\assignment\build\vs2017\x64\debug\vc142.idb
d:\university stuff\cmp 208\assignment\assignment\build\vs2017\x64\debug\player.obj
d:\university stuff\cmp 208\assignment\assignment\build\vs2017\x64\debug\scene_app.obj
d:\university stuff\cmp 208\assignment\assignment\build\vs2017\x64\debug\primitive_builder.obj
d:\university stuff\cmp 208\assignment\assignment\build\vs2017\x64\debug\main_d3d11.obj
d:\university stuff\cmp 208\assignment\assignment\build\vs2017\x64\debug\game_object.obj
d:\university stuff\cmp 208\assignment\assignment\build\vs2017\x64\debug\enviroment.obj
d:\university stuff\cmp 208\assignment 2\assignment\build\vs2017\x64\debug\vc142.pdb
d:\university stuff\cmp 208\assignment 2\assignment\build\vs2017\x64\debug\vc142.idb
d:\university stuff\cmp 208\assignment 2\assignment\build\vs2017\x64\debug\player.obj
d:\university stuff\cmp 208\assignment 2\assignment\build\vs2017\x64\debug\enviroment.obj
d:\university stuff\cmp 208\assignment 2\assignment\build\vs2017\x64\debug\scene_app.obj
d:\university stuff\cmp 208\assignment 2\assignment\build\vs2017\x64\debug\primitive_builder.obj
d:\university stuff\cmp 208\assignment 2\assignment\build\vs2017\x64\debug\main_d3d11.obj
d:\university stuff\cmp 208\assignment 2\assignment\build\vs2017\x64\debug\game_object.obj
d:\university stuff\cmp 208\assignment 2\assignment\build\vs2017\x64\debug\asteroids.obj
d:\university stuff\cmp 208\week 6\box2d_collisions-iremixuk\build\vs2017\x64\debug\scene_app.exe
d:\university stuff\cmp 208\week 6\box2d_collisions-iremixuk\build\vs2017\x64\debug\scene_app.ilk
d:\university stuff\cmp 208\week 6\box2d_collisions-iremixuk\build\vs2017\x64\debug\scene_app.pdb
d:\university stuff\cmp 208\assignment\assignment\build\vs2017\x64\debug\scene_app.exe
d:\university stuff\cmp 208\assignment\assignment\build\vs2017\x64\debug\scene_app.ilk
d:\university stuff\cmp 208\assignment\assignment\build\vs2017\x64\debug\scene_app.pdb
d:\university stuff\cmp 208\assignment 2\assignment\build\vs2017\x64\debug\scene_app.exe
d:\university stuff\cmp 208\assignment 2\assignment\build\vs2017\x64\debug\scene_app.ilk
d:\university stuff\cmp 208\assignment 2\assignment\build\vs2017\x64\debug\scene_app.pdb
d:\university stuff\cmp 208\assignment 2\assignment\build\vs2017\x64\debug\scene_app.obj.enc
d:\university stuff\cmp 208\assignment 2\assignment\build\vs2017\x64\debug\box2d.pdb
d:\university stuff\cmp 208\assignment 2\assignment\build\vs2017\x64\debug\gef.pdb
d:\university stuff\cmp 208\assignment 2\assignment\build\vs2017\x64\debug\gef_d3d11.pdb
d:\university stuff\cmp 208\assignment 2\assignment\build\vs2017\x64\debug\gef_win32.pdb
d:\university stuff\cmp 208\assignment 2\assignment\build\vs2017\x64\debug\libpng.pdb
d:\university stuff\cmp 208\assignment 2\assignment\build\vs2017\x64\debug\zlib.pdb
d:\university stuff\cmp 208\assignment 2\assignment\build\vs2017\x64\debug\scene_app.tlog\cl.command.1.tlog
d:\university stuff\cmp 208\assignment 2\assignment\build\vs2017\x64\debug\scene_app.tlog\cl.read.1.tlog
d:\university stuff\cmp 208\assignment 2\assignment\build\vs2017\x64\debug\scene_app.tlog\cl.write.1.tlog
d:\university stuff\cmp 208\assignment 2\assignment\build\vs2017\x64\debug\scene_app.tlog\link.command.1.tlog
d:\university stuff\cmp 208\assignment 2\assignment\build\vs2017\x64\debug\scene_app.tlog\link.read.1.tlog
d:\university stuff\cmp 208\assignment 2\assignment\build\vs2017\x64\debug\scene_app.tlog\link.write.1.tlog
