d:\university stuff\cmp 208\week 3\gef_abertay\platform\d3d11\build\vs2017\x64\debug\gef_d3d11.pdb
d:\university stuff\cmp 208\week 3\gef_abertay\platform\d3d11\build\vs2017\x64\debug\gef_d3d11.idb
d:\university stuff\cmp 208\week 3\gef_abertay\platform\d3d11\build\vs2017\x64\debug\platform_d3d11.obj
d:\university stuff\cmp 208\week 3\gef_abertay\platform\d3d11\build\vs2017\x64\debug\touch_input_manager_d3d11.obj
d:\university stuff\cmp 208\week 3\gef_abertay\platform\d3d11\build\vs2017\x64\debug\sony_controller_input_manager_d3d11.obj
d:\university stuff\cmp 208\week 3\gef_abertay\platform\d3d11\build\vs2017\x64\debug\keyboard_d3d11.obj
d:\university stuff\cmp 208\week 3\gef_abertay\platform\d3d11\build\vs2017\x64\debug\input_manager_d3d11.obj
d:\university stuff\cmp 208\week 3\gef_abertay\platform\d3d11\build\vs2017\x64\debug\vertex_buffer_d3d11.obj
d:\university stuff\cmp 208\week 3\gef_abertay\platform\d3d11\build\vs2017\x64\debug\texture_d3d11.obj
d:\university stuff\cmp 208\week 3\gef_abertay\platform\d3d11\build\vs2017\x64\debug\sprite_renderer_d3d11.obj
d:\university stuff\cmp 208\week 3\gef_abertay\platform\d3d11\build\vs2017\x64\debug\shader_interface_d3d11.obj
d:\university stuff\cmp 208\week 3\gef_abertay\platform\d3d11\build\vs2017\x64\debug\render_target_d3d11.obj
d:\university stuff\cmp 208\week 3\gef_abertay\platform\d3d11\build\vs2017\x64\debug\renderer_3d_d3d11.obj
d:\university stuff\cmp 208\week 3\gef_abertay\platform\d3d11\build\vs2017\x64\debug\index_buffer_d3d11.obj
d:\university stuff\cmp 208\week 3\gef_abertay\platform\d3d11\build\vs2017\x64\debug\depth_buffer_d3d11.obj
d:\university stuff\cmp 208\week 3\gef_abertay\platform\d3d11\build\vs2017\x64\debug\audio_manager_d3d11.obj
d:\university stuff\cmp 208\week 4\gef_abertay\platform\d3d11\build\vs2017\x64\debug\gef_d3d11.pdb
d:\university stuff\cmp 208\week 4\gef_abertay\platform\d3d11\build\vs2017\x64\debug\gef_d3d11.idb
d:\university stuff\cmp 208\week 4\gef_abertay\platform\d3d11\build\vs2017\x64\debug\platform_d3d11.obj
d:\university stuff\cmp 208\week 4\gef_abertay\platform\d3d11\build\vs2017\x64\debug\touch_input_manager_d3d11.obj
d:\university stuff\cmp 208\week 4\gef_abertay\platform\d3d11\build\vs2017\x64\debug\sony_controller_input_manager_d3d11.obj
d:\university stuff\cmp 208\week 4\gef_abertay\platform\d3d11\build\vs2017\x64\debug\keyboard_d3d11.obj
d:\university stuff\cmp 208\week 4\gef_abertay\platform\d3d11\build\vs2017\x64\debug\input_manager_d3d11.obj
d:\university stuff\cmp 208\week 4\gef_abertay\platform\d3d11\build\vs2017\x64\debug\vertex_buffer_d3d11.obj
d:\university stuff\cmp 208\week 4\gef_abertay\platform\d3d11\build\vs2017\x64\debug\texture_d3d11.obj
d:\university stuff\cmp 208\week 4\gef_abertay\platform\d3d11\build\vs2017\x64\debug\sprite_renderer_d3d11.obj
d:\university stuff\cmp 208\week 4\gef_abertay\platform\d3d11\build\vs2017\x64\debug\shader_interface_d3d11.obj
d:\university stuff\cmp 208\week 4\gef_abertay\platform\d3d11\build\vs2017\x64\debug\render_target_d3d11.obj
d:\university stuff\cmp 208\week 4\gef_abertay\platform\d3d11\build\vs2017\x64\debug\renderer_3d_d3d11.obj
d:\university stuff\cmp 208\week 4\gef_abertay\platform\d3d11\build\vs2017\x64\debug\index_buffer_d3d11.obj
d:\university stuff\cmp 208\week 4\gef_abertay\platform\d3d11\build\vs2017\x64\debug\depth_buffer_d3d11.obj
d:\university stuff\cmp 208\week 4\gef_abertay\platform\d3d11\build\vs2017\x64\debug\audio_manager_d3d11.obj
d:\university stuff\cmp 208\week 5\gef_abertay\platform\d3d11\build\vs2017\x64\debug\gef_d3d11.pdb
d:\university stuff\cmp 208\week 5\gef_abertay\platform\d3d11\build\vs2017\x64\debug\gef_d3d11.idb
d:\university stuff\cmp 208\week 5\gef_abertay\platform\d3d11\build\vs2017\x64\debug\platform_d3d11.obj
d:\university stuff\cmp 208\week 5\gef_abertay\platform\d3d11\build\vs2017\x64\debug\touch_input_manager_d3d11.obj
d:\university stuff\cmp 208\week 5\gef_abertay\platform\d3d11\build\vs2017\x64\debug\sony_controller_input_manager_d3d11.obj
d:\university stuff\cmp 208\week 5\gef_abertay\platform\d3d11\build\vs2017\x64\debug\keyboard_d3d11.obj
d:\university stuff\cmp 208\week 5\gef_abertay\platform\d3d11\build\vs2017\x64\debug\input_manager_d3d11.obj
d:\university stuff\cmp 208\week 5\gef_abertay\platform\d3d11\build\vs2017\x64\debug\vertex_buffer_d3d11.obj
d:\university stuff\cmp 208\week 5\gef_abertay\platform\d3d11\build\vs2017\x64\debug\texture_d3d11.obj
d:\university stuff\cmp 208\week 5\gef_abertay\platform\d3d11\build\vs2017\x64\debug\sprite_renderer_d3d11.obj
d:\university stuff\cmp 208\week 5\gef_abertay\platform\d3d11\build\vs2017\x64\debug\shader_interface_d3d11.obj
d:\university stuff\cmp 208\week 5\gef_abertay\platform\d3d11\build\vs2017\x64\debug\render_target_d3d11.obj
d:\university stuff\cmp 208\week 5\gef_abertay\platform\d3d11\build\vs2017\x64\debug\renderer_3d_d3d11.obj
d:\university stuff\cmp 208\week 5\gef_abertay\platform\d3d11\build\vs2017\x64\debug\index_buffer_d3d11.obj
d:\university stuff\cmp 208\week 5\gef_abertay\platform\d3d11\build\vs2017\x64\debug\depth_buffer_d3d11.obj
d:\university stuff\cmp 208\week 5\gef_abertay\platform\d3d11\build\vs2017\x64\debug\audio_manager_d3d11.obj
d:\university stuff\cmp 208\week 6\gef_abertay\platform\d3d11\build\vs2017\x64\debug\gef_d3d11.pdb
d:\university stuff\cmp 208\week 6\gef_abertay\platform\d3d11\build\vs2017\x64\debug\gef_d3d11.idb
d:\university stuff\cmp 208\week 6\gef_abertay\platform\d3d11\build\vs2017\x64\debug\platform_d3d11.obj
d:\university stuff\cmp 208\week 6\gef_abertay\platform\d3d11\build\vs2017\x64\debug\touch_input_manager_d3d11.obj
d:\university stuff\cmp 208\week 6\gef_abertay\platform\d3d11\build\vs2017\x64\debug\sony_controller_input_manager_d3d11.obj
d:\university stuff\cmp 208\week 6\gef_abertay\platform\d3d11\build\vs2017\x64\debug\keyboard_d3d11.obj
d:\university stuff\cmp 208\week 6\gef_abertay\platform\d3d11\build\vs2017\x64\debug\input_manager_d3d11.obj
d:\university stuff\cmp 208\week 6\gef_abertay\platform\d3d11\build\vs2017\x64\debug\vertex_buffer_d3d11.obj
d:\university stuff\cmp 208\week 6\gef_abertay\platform\d3d11\build\vs2017\x64\debug\texture_d3d11.obj
d:\university stuff\cmp 208\week 6\gef_abertay\platform\d3d11\build\vs2017\x64\debug\sprite_renderer_d3d11.obj
d:\university stuff\cmp 208\week 6\gef_abertay\platform\d3d11\build\vs2017\x64\debug\shader_interface_d3d11.obj
d:\university stuff\cmp 208\week 6\gef_abertay\platform\d3d11\build\vs2017\x64\debug\render_target_d3d11.obj
d:\university stuff\cmp 208\week 6\gef_abertay\platform\d3d11\build\vs2017\x64\debug\renderer_3d_d3d11.obj
d:\university stuff\cmp 208\week 6\gef_abertay\platform\d3d11\build\vs2017\x64\debug\index_buffer_d3d11.obj
d:\university stuff\cmp 208\week 6\gef_abertay\platform\d3d11\build\vs2017\x64\debug\depth_buffer_d3d11.obj
d:\university stuff\cmp 208\week 6\gef_abertay\platform\d3d11\build\vs2017\x64\debug\audio_manager_d3d11.obj
d:\university stuff\cmp 208\assignment\gef_abertay\platform\d3d11\build\vs2017\x64\debug\gef_d3d11.pdb
d:\university stuff\cmp 208\assignment\gef_abertay\platform\d3d11\build\vs2017\x64\debug\gef_d3d11.idb
d:\university stuff\cmp 208\assignment\gef_abertay\platform\d3d11\build\vs2017\x64\debug\platform_d3d11.obj
d:\university stuff\cmp 208\assignment\gef_abertay\platform\d3d11\build\vs2017\x64\debug\touch_input_manager_d3d11.obj
d:\university stuff\cmp 208\assignment\gef_abertay\platform\d3d11\build\vs2017\x64\debug\sony_controller_input_manager_d3d11.obj
d:\university stuff\cmp 208\assignment\gef_abertay\platform\d3d11\build\vs2017\x64\debug\keyboard_d3d11.obj
d:\university stuff\cmp 208\assignment\gef_abertay\platform\d3d11\build\vs2017\x64\debug\input_manager_d3d11.obj
d:\university stuff\cmp 208\assignment\gef_abertay\platform\d3d11\build\vs2017\x64\debug\vertex_buffer_d3d11.obj
d:\university stuff\cmp 208\assignment\gef_abertay\platform\d3d11\build\vs2017\x64\debug\texture_d3d11.obj
d:\university stuff\cmp 208\assignment\gef_abertay\platform\d3d11\build\vs2017\x64\debug\sprite_renderer_d3d11.obj
d:\university stuff\cmp 208\assignment\gef_abertay\platform\d3d11\build\vs2017\x64\debug\shader_interface_d3d11.obj
d:\university stuff\cmp 208\assignment\gef_abertay\platform\d3d11\build\vs2017\x64\debug\render_target_d3d11.obj
d:\university stuff\cmp 208\assignment\gef_abertay\platform\d3d11\build\vs2017\x64\debug\renderer_3d_d3d11.obj
d:\university stuff\cmp 208\assignment\gef_abertay\platform\d3d11\build\vs2017\x64\debug\index_buffer_d3d11.obj
d:\university stuff\cmp 208\assignment\gef_abertay\platform\d3d11\build\vs2017\x64\debug\depth_buffer_d3d11.obj
d:\university stuff\cmp 208\assignment\gef_abertay\platform\d3d11\build\vs2017\x64\debug\audio_manager_d3d11.obj
d:\university stuff\cmp 208\assignment 2\gef_abertay\platform\d3d11\build\vs2017\x64\debug\gef_d3d11.pdb
d:\university stuff\cmp 208\assignment 2\gef_abertay\platform\d3d11\build\vs2017\x64\debug\gef_d3d11.idb
d:\university stuff\cmp 208\assignment 2\gef_abertay\platform\d3d11\build\vs2017\x64\debug\platform_d3d11.obj
d:\university stuff\cmp 208\assignment 2\gef_abertay\platform\d3d11\build\vs2017\x64\debug\touch_input_manager_d3d11.obj
d:\university stuff\cmp 208\assignment 2\gef_abertay\platform\d3d11\build\vs2017\x64\debug\sony_controller_input_manager_d3d11.obj
d:\university stuff\cmp 208\assignment 2\gef_abertay\platform\d3d11\build\vs2017\x64\debug\keyboard_d3d11.obj
d:\university stuff\cmp 208\assignment 2\gef_abertay\platform\d3d11\build\vs2017\x64\debug\input_manager_d3d11.obj
d:\university stuff\cmp 208\assignment 2\gef_abertay\platform\d3d11\build\vs2017\x64\debug\vertex_buffer_d3d11.obj
d:\university stuff\cmp 208\assignment 2\gef_abertay\platform\d3d11\build\vs2017\x64\debug\texture_d3d11.obj
d:\university stuff\cmp 208\assignment 2\gef_abertay\platform\d3d11\build\vs2017\x64\debug\sprite_renderer_d3d11.obj
d:\university stuff\cmp 208\assignment 2\gef_abertay\platform\d3d11\build\vs2017\x64\debug\shader_interface_d3d11.obj
d:\university stuff\cmp 208\assignment 2\gef_abertay\platform\d3d11\build\vs2017\x64\debug\render_target_d3d11.obj
d:\university stuff\cmp 208\assignment 2\gef_abertay\platform\d3d11\build\vs2017\x64\debug\renderer_3d_d3d11.obj
d:\university stuff\cmp 208\assignment 2\gef_abertay\platform\d3d11\build\vs2017\x64\debug\index_buffer_d3d11.obj
d:\university stuff\cmp 208\assignment 2\gef_abertay\platform\d3d11\build\vs2017\x64\debug\depth_buffer_d3d11.obj
d:\university stuff\cmp 208\assignment 2\gef_abertay\platform\d3d11\build\vs2017\x64\debug\audio_manager_d3d11.obj
d:\university stuff\cmp 208\week 3\touch_input-iremixuk\build\vs2017\x64\debug\gef_d3d11.lib
d:\university stuff\cmp 208\week 4\3d_scene-iremixuk\build\vs2017\x64\debug\gef_d3d11.lib
d:\university stuff\cmp 208\week 5\box2d_scene-iremixuk\build\vs2017\x64\debug\gef_d3d11.lib
d:\university stuff\cmp 208\week 6\box2d_collisions-iremixuk\build\vs2017\x64\debug\gef_d3d11.lib
d:\university stuff\cmp 208\assignment\assignment\build\vs2017\x64\debug\gef_d3d11.lib
d:\university stuff\cmp 208\assignment 2\assignment\build\vs2017\x64\debug\gef_d3d11.lib
d:\university stuff\cmp 208\assignment 2\gef_abertay\platform\d3d11\build\vs2017\x64\debug\gef_d3d11.tlog\cl.command.1.tlog
d:\university stuff\cmp 208\assignment 2\gef_abertay\platform\d3d11\build\vs2017\x64\debug\gef_d3d11.tlog\cl.read.1.tlog
d:\university stuff\cmp 208\assignment 2\gef_abertay\platform\d3d11\build\vs2017\x64\debug\gef_d3d11.tlog\cl.write.1.tlog
d:\university stuff\cmp 208\assignment 2\gef_abertay\platform\d3d11\build\vs2017\x64\debug\gef_d3d11.tlog\lib-link.read.1.tlog
d:\university stuff\cmp 208\assignment 2\gef_abertay\platform\d3d11\build\vs2017\x64\debug\gef_d3d11.tlog\lib-link.write.1.tlog
d:\university stuff\cmp 208\assignment 2\gef_abertay\platform\d3d11\build\vs2017\x64\debug\gef_d3d11.tlog\lib.command.1.tlog
