d:\university stuff\cmp 208\week 6\box2d_collisions-iremixuk\build\vs2017\box2d\x64\debug\box2d.pdb
d:\university stuff\cmp 208\week 6\box2d_collisions-iremixuk\build\vs2017\box2d\x64\debug\box2d.idb
d:\university stuff\cmp 208\week 6\box2d_collisions-iremixuk\build\vs2017\box2d\x64\debug\b2_chain_circle_contact.obj
d:\university stuff\cmp 208\week 6\box2d_collisions-iremixuk\build\vs2017\box2d\x64\debug\b2_body.obj
d:\university stuff\cmp 208\week 6\box2d_collisions-iremixuk\build\vs2017\box2d\x64\debug\b2_timer.obj
d:\university stuff\cmp 208\week 6\box2d_collisions-iremixuk\build\vs2017\box2d\x64\debug\b2_stack_allocator.obj
d:\university stuff\cmp 208\week 6\box2d_collisions-iremixuk\build\vs2017\box2d\x64\debug\b2_settings.obj
d:\university stuff\cmp 208\week 6\box2d_collisions-iremixuk\build\vs2017\box2d\x64\debug\b2_math.obj
d:\university stuff\cmp 208\week 6\box2d_collisions-iremixuk\build\vs2017\box2d\x64\debug\b2_draw.obj
d:\university stuff\cmp 208\week 6\box2d_collisions-iremixuk\build\vs2017\box2d\x64\debug\b2_block_allocator.obj
d:\university stuff\cmp 208\week 6\box2d_collisions-iremixuk\build\vs2017\box2d\x64\debug\b2_time_of_impact.obj
d:\university stuff\cmp 208\week 6\box2d_collisions-iremixuk\build\vs2017\box2d\x64\debug\b2_polygon_shape.obj
d:\university stuff\cmp 208\week 6\box2d_collisions-iremixuk\build\vs2017\box2d\x64\debug\b2_edge_shape.obj
d:\university stuff\cmp 208\week 6\box2d_collisions-iremixuk\build\vs2017\box2d\x64\debug\b2_dynamic_tree.obj
d:\university stuff\cmp 208\week 6\box2d_collisions-iremixuk\build\vs2017\box2d\x64\debug\b2_distance.obj
d:\university stuff\cmp 208\week 6\box2d_collisions-iremixuk\build\vs2017\box2d\x64\debug\b2_collision.obj
d:\university stuff\cmp 208\week 6\box2d_collisions-iremixuk\build\vs2017\box2d\x64\debug\b2_collide_polygon.obj
d:\university stuff\cmp 208\week 6\box2d_collisions-iremixuk\build\vs2017\box2d\x64\debug\b2_collide_edge.obj
d:\university stuff\cmp 208\week 6\box2d_collisions-iremixuk\build\vs2017\box2d\x64\debug\b2_collide_circle.obj
d:\university stuff\cmp 208\week 6\box2d_collisions-iremixuk\build\vs2017\box2d\x64\debug\b2_circle_shape.obj
d:\university stuff\cmp 208\week 6\box2d_collisions-iremixuk\build\vs2017\box2d\x64\debug\b2_chain_shape.obj
d:\university stuff\cmp 208\week 6\box2d_collisions-iremixuk\build\vs2017\box2d\x64\debug\b2_broad_phase.obj
d:\university stuff\cmp 208\week 6\box2d_collisions-iremixuk\build\vs2017\box2d\x64\debug\b2_revolute_joint.obj
d:\university stuff\cmp 208\week 6\box2d_collisions-iremixuk\build\vs2017\box2d\x64\debug\b2_pulley_joint.obj
d:\university stuff\cmp 208\week 6\box2d_collisions-iremixuk\build\vs2017\box2d\x64\debug\b2_prismatic_joint.obj
d:\university stuff\cmp 208\week 6\box2d_collisions-iremixuk\build\vs2017\box2d\x64\debug\b2_polygon_contact.obj
d:\university stuff\cmp 208\week 6\box2d_collisions-iremixuk\build\vs2017\box2d\x64\debug\b2_polygon_circle_contact.obj
d:\university stuff\cmp 208\week 6\box2d_collisions-iremixuk\build\vs2017\box2d\x64\debug\b2_mouse_joint.obj
d:\university stuff\cmp 208\week 6\box2d_collisions-iremixuk\build\vs2017\box2d\x64\debug\b2_motor_joint.obj
d:\university stuff\cmp 208\week 6\box2d_collisions-iremixuk\build\vs2017\box2d\x64\debug\b2_joint.obj
d:\university stuff\cmp 208\week 6\box2d_collisions-iremixuk\build\vs2017\box2d\x64\debug\b2_island.obj
d:\university stuff\cmp 208\week 6\box2d_collisions-iremixuk\build\vs2017\box2d\x64\debug\b2_gear_joint.obj
d:\university stuff\cmp 208\week 6\box2d_collisions-iremixuk\build\vs2017\box2d\x64\debug\b2_friction_joint.obj
d:\university stuff\cmp 208\week 6\box2d_collisions-iremixuk\build\vs2017\box2d\x64\debug\b2_fixture.obj
d:\university stuff\cmp 208\week 6\box2d_collisions-iremixuk\build\vs2017\box2d\x64\debug\b2_edge_polygon_contact.obj
d:\university stuff\cmp 208\week 6\box2d_collisions-iremixuk\build\vs2017\box2d\x64\debug\b2_edge_circle_contact.obj
d:\university stuff\cmp 208\week 6\box2d_collisions-iremixuk\build\vs2017\box2d\x64\debug\b2_distance_joint.obj
d:\university stuff\cmp 208\week 6\box2d_collisions-iremixuk\build\vs2017\box2d\x64\debug\b2_contact_solver.obj
d:\university stuff\cmp 208\week 6\box2d_collisions-iremixuk\build\vs2017\box2d\x64\debug\b2_contact_manager.obj
d:\university stuff\cmp 208\week 6\box2d_collisions-iremixuk\build\vs2017\box2d\x64\debug\b2_contact.obj
d:\university stuff\cmp 208\week 6\box2d_collisions-iremixuk\build\vs2017\box2d\x64\debug\b2_circle_contact.obj
d:\university stuff\cmp 208\week 6\box2d_collisions-iremixuk\build\vs2017\box2d\x64\debug\b2_chain_polygon_contact.obj
d:\university stuff\cmp 208\week 6\box2d_collisions-iremixuk\build\vs2017\box2d\x64\debug\b2_rope.obj
d:\university stuff\cmp 208\week 6\box2d_collisions-iremixuk\build\vs2017\box2d\x64\debug\b2_world_callbacks.obj
d:\university stuff\cmp 208\week 6\box2d_collisions-iremixuk\build\vs2017\box2d\x64\debug\b2_world.obj
d:\university stuff\cmp 208\week 6\box2d_collisions-iremixuk\build\vs2017\box2d\x64\debug\b2_wheel_joint.obj
d:\university stuff\cmp 208\week 6\box2d_collisions-iremixuk\build\vs2017\box2d\x64\debug\b2_weld_joint.obj
d:\university stuff\cmp 208\assignment\assignment\build\vs2017\box2d\x64\debug\box2d.pdb
d:\university stuff\cmp 208\assignment\assignment\build\vs2017\box2d\x64\debug\box2d.idb
d:\university stuff\cmp 208\assignment\assignment\build\vs2017\box2d\x64\debug\b2_chain_circle_contact.obj
d:\university stuff\cmp 208\assignment\assignment\build\vs2017\box2d\x64\debug\b2_body.obj
d:\university stuff\cmp 208\assignment\assignment\build\vs2017\box2d\x64\debug\b2_timer.obj
d:\university stuff\cmp 208\assignment\assignment\build\vs2017\box2d\x64\debug\b2_stack_allocator.obj
d:\university stuff\cmp 208\assignment\assignment\build\vs2017\box2d\x64\debug\b2_settings.obj
d:\university stuff\cmp 208\assignment\assignment\build\vs2017\box2d\x64\debug\b2_math.obj
d:\university stuff\cmp 208\assignment\assignment\build\vs2017\box2d\x64\debug\b2_draw.obj
d:\university stuff\cmp 208\assignment\assignment\build\vs2017\box2d\x64\debug\b2_block_allocator.obj
d:\university stuff\cmp 208\assignment\assignment\build\vs2017\box2d\x64\debug\b2_time_of_impact.obj
d:\university stuff\cmp 208\assignment\assignment\build\vs2017\box2d\x64\debug\b2_polygon_shape.obj
d:\university stuff\cmp 208\assignment\assignment\build\vs2017\box2d\x64\debug\b2_edge_shape.obj
d:\university stuff\cmp 208\assignment\assignment\build\vs2017\box2d\x64\debug\b2_dynamic_tree.obj
d:\university stuff\cmp 208\assignment\assignment\build\vs2017\box2d\x64\debug\b2_distance.obj
d:\university stuff\cmp 208\assignment\assignment\build\vs2017\box2d\x64\debug\b2_collision.obj
d:\university stuff\cmp 208\assignment\assignment\build\vs2017\box2d\x64\debug\b2_collide_polygon.obj
d:\university stuff\cmp 208\assignment\assignment\build\vs2017\box2d\x64\debug\b2_collide_edge.obj
d:\university stuff\cmp 208\assignment\assignment\build\vs2017\box2d\x64\debug\b2_collide_circle.obj
d:\university stuff\cmp 208\assignment\assignment\build\vs2017\box2d\x64\debug\b2_circle_shape.obj
d:\university stuff\cmp 208\assignment\assignment\build\vs2017\box2d\x64\debug\b2_chain_shape.obj
d:\university stuff\cmp 208\assignment\assignment\build\vs2017\box2d\x64\debug\b2_broad_phase.obj
d:\university stuff\cmp 208\assignment\assignment\build\vs2017\box2d\x64\debug\b2_revolute_joint.obj
d:\university stuff\cmp 208\assignment\assignment\build\vs2017\box2d\x64\debug\b2_pulley_joint.obj
d:\university stuff\cmp 208\assignment\assignment\build\vs2017\box2d\x64\debug\b2_prismatic_joint.obj
d:\university stuff\cmp 208\assignment\assignment\build\vs2017\box2d\x64\debug\b2_polygon_contact.obj
d:\university stuff\cmp 208\assignment\assignment\build\vs2017\box2d\x64\debug\b2_polygon_circle_contact.obj
d:\university stuff\cmp 208\assignment\assignment\build\vs2017\box2d\x64\debug\b2_mouse_joint.obj
d:\university stuff\cmp 208\assignment\assignment\build\vs2017\box2d\x64\debug\b2_motor_joint.obj
d:\university stuff\cmp 208\assignment\assignment\build\vs2017\box2d\x64\debug\b2_joint.obj
d:\university stuff\cmp 208\assignment\assignment\build\vs2017\box2d\x64\debug\b2_island.obj
d:\university stuff\cmp 208\assignment\assignment\build\vs2017\box2d\x64\debug\b2_gear_joint.obj
d:\university stuff\cmp 208\assignment\assignment\build\vs2017\box2d\x64\debug\b2_friction_joint.obj
d:\university stuff\cmp 208\assignment\assignment\build\vs2017\box2d\x64\debug\b2_fixture.obj
d:\university stuff\cmp 208\assignment\assignment\build\vs2017\box2d\x64\debug\b2_edge_polygon_contact.obj
d:\university stuff\cmp 208\assignment\assignment\build\vs2017\box2d\x64\debug\b2_edge_circle_contact.obj
d:\university stuff\cmp 208\assignment\assignment\build\vs2017\box2d\x64\debug\b2_distance_joint.obj
d:\university stuff\cmp 208\assignment\assignment\build\vs2017\box2d\x64\debug\b2_contact_solver.obj
d:\university stuff\cmp 208\assignment\assignment\build\vs2017\box2d\x64\debug\b2_contact_manager.obj
d:\university stuff\cmp 208\assignment\assignment\build\vs2017\box2d\x64\debug\b2_contact.obj
d:\university stuff\cmp 208\assignment\assignment\build\vs2017\box2d\x64\debug\b2_circle_contact.obj
d:\university stuff\cmp 208\assignment\assignment\build\vs2017\box2d\x64\debug\b2_chain_polygon_contact.obj
d:\university stuff\cmp 208\assignment\assignment\build\vs2017\box2d\x64\debug\b2_rope.obj
d:\university stuff\cmp 208\assignment\assignment\build\vs2017\box2d\x64\debug\b2_world_callbacks.obj
d:\university stuff\cmp 208\assignment\assignment\build\vs2017\box2d\x64\debug\b2_world.obj
d:\university stuff\cmp 208\assignment\assignment\build\vs2017\box2d\x64\debug\b2_wheel_joint.obj
d:\university stuff\cmp 208\assignment\assignment\build\vs2017\box2d\x64\debug\b2_weld_joint.obj
d:\university stuff\cmp 208\assignment 2\assignment\build\vs2017\box2d\x64\debug\box2d.pdb
d:\university stuff\cmp 208\assignment 2\assignment\build\vs2017\box2d\x64\debug\box2d.idb
d:\university stuff\cmp 208\assignment 2\assignment\build\vs2017\box2d\x64\debug\b2_chain_circle_contact.obj
d:\university stuff\cmp 208\assignment 2\assignment\build\vs2017\box2d\x64\debug\b2_body.obj
d:\university stuff\cmp 208\assignment 2\assignment\build\vs2017\box2d\x64\debug\b2_timer.obj
d:\university stuff\cmp 208\assignment 2\assignment\build\vs2017\box2d\x64\debug\b2_stack_allocator.obj
d:\university stuff\cmp 208\assignment 2\assignment\build\vs2017\box2d\x64\debug\b2_settings.obj
d:\university stuff\cmp 208\assignment 2\assignment\build\vs2017\box2d\x64\debug\b2_math.obj
d:\university stuff\cmp 208\assignment 2\assignment\build\vs2017\box2d\x64\debug\b2_draw.obj
d:\university stuff\cmp 208\assignment 2\assignment\build\vs2017\box2d\x64\debug\b2_block_allocator.obj
d:\university stuff\cmp 208\assignment 2\assignment\build\vs2017\box2d\x64\debug\b2_time_of_impact.obj
d:\university stuff\cmp 208\assignment 2\assignment\build\vs2017\box2d\x64\debug\b2_polygon_shape.obj
d:\university stuff\cmp 208\assignment 2\assignment\build\vs2017\box2d\x64\debug\b2_edge_shape.obj
d:\university stuff\cmp 208\assignment 2\assignment\build\vs2017\box2d\x64\debug\b2_dynamic_tree.obj
d:\university stuff\cmp 208\assignment 2\assignment\build\vs2017\box2d\x64\debug\b2_distance.obj
d:\university stuff\cmp 208\assignment 2\assignment\build\vs2017\box2d\x64\debug\b2_collision.obj
d:\university stuff\cmp 208\assignment 2\assignment\build\vs2017\box2d\x64\debug\b2_collide_polygon.obj
d:\university stuff\cmp 208\assignment 2\assignment\build\vs2017\box2d\x64\debug\b2_collide_edge.obj
d:\university stuff\cmp 208\assignment 2\assignment\build\vs2017\box2d\x64\debug\b2_collide_circle.obj
d:\university stuff\cmp 208\assignment 2\assignment\build\vs2017\box2d\x64\debug\b2_circle_shape.obj
d:\university stuff\cmp 208\assignment 2\assignment\build\vs2017\box2d\x64\debug\b2_chain_shape.obj
d:\university stuff\cmp 208\assignment 2\assignment\build\vs2017\box2d\x64\debug\b2_broad_phase.obj
d:\university stuff\cmp 208\assignment 2\assignment\build\vs2017\box2d\x64\debug\b2_revolute_joint.obj
d:\university stuff\cmp 208\assignment 2\assignment\build\vs2017\box2d\x64\debug\b2_pulley_joint.obj
d:\university stuff\cmp 208\assignment 2\assignment\build\vs2017\box2d\x64\debug\b2_prismatic_joint.obj
d:\university stuff\cmp 208\assignment 2\assignment\build\vs2017\box2d\x64\debug\b2_polygon_contact.obj
d:\university stuff\cmp 208\assignment 2\assignment\build\vs2017\box2d\x64\debug\b2_polygon_circle_contact.obj
d:\university stuff\cmp 208\assignment 2\assignment\build\vs2017\box2d\x64\debug\b2_mouse_joint.obj
d:\university stuff\cmp 208\assignment 2\assignment\build\vs2017\box2d\x64\debug\b2_motor_joint.obj
d:\university stuff\cmp 208\assignment 2\assignment\build\vs2017\box2d\x64\debug\b2_joint.obj
d:\university stuff\cmp 208\assignment 2\assignment\build\vs2017\box2d\x64\debug\b2_island.obj
d:\university stuff\cmp 208\assignment 2\assignment\build\vs2017\box2d\x64\debug\b2_gear_joint.obj
d:\university stuff\cmp 208\assignment 2\assignment\build\vs2017\box2d\x64\debug\b2_friction_joint.obj
d:\university stuff\cmp 208\assignment 2\assignment\build\vs2017\box2d\x64\debug\b2_fixture.obj
d:\university stuff\cmp 208\assignment 2\assignment\build\vs2017\box2d\x64\debug\b2_edge_polygon_contact.obj
d:\university stuff\cmp 208\assignment 2\assignment\build\vs2017\box2d\x64\debug\b2_edge_circle_contact.obj
d:\university stuff\cmp 208\assignment 2\assignment\build\vs2017\box2d\x64\debug\b2_distance_joint.obj
d:\university stuff\cmp 208\assignment 2\assignment\build\vs2017\box2d\x64\debug\b2_contact_solver.obj
d:\university stuff\cmp 208\assignment 2\assignment\build\vs2017\box2d\x64\debug\b2_contact_manager.obj
d:\university stuff\cmp 208\assignment 2\assignment\build\vs2017\box2d\x64\debug\b2_contact.obj
d:\university stuff\cmp 208\assignment 2\assignment\build\vs2017\box2d\x64\debug\b2_circle_contact.obj
d:\university stuff\cmp 208\assignment 2\assignment\build\vs2017\box2d\x64\debug\b2_chain_polygon_contact.obj
d:\university stuff\cmp 208\assignment 2\assignment\build\vs2017\box2d\x64\debug\b2_rope.obj
d:\university stuff\cmp 208\assignment 2\assignment\build\vs2017\box2d\x64\debug\b2_world_callbacks.obj
d:\university stuff\cmp 208\assignment 2\assignment\build\vs2017\box2d\x64\debug\b2_world.obj
d:\university stuff\cmp 208\assignment 2\assignment\build\vs2017\box2d\x64\debug\b2_wheel_joint.obj
d:\university stuff\cmp 208\assignment 2\assignment\build\vs2017\box2d\x64\debug\b2_weld_joint.obj
d:\university stuff\cmp 208\week 6\box2d_collisions-iremixuk\build\vs2017\x64\debug\box2d.lib
d:\university stuff\cmp 208\assignment\assignment\build\vs2017\x64\debug\box2d.lib
d:\university stuff\cmp 208\assignment 2\assignment\build\vs2017\x64\debug\box2d.lib
d:\university stuff\cmp 208\assignment 2\assignment\build\vs2017\box2d\x64\debug\box2d.tlog\cl.command.1.tlog
d:\university stuff\cmp 208\assignment 2\assignment\build\vs2017\box2d\x64\debug\box2d.tlog\cl.read.1.tlog
d:\university stuff\cmp 208\assignment 2\assignment\build\vs2017\box2d\x64\debug\box2d.tlog\cl.write.1.tlog
d:\university stuff\cmp 208\assignment 2\assignment\build\vs2017\box2d\x64\debug\box2d.tlog\lib-link.read.1.tlog
d:\university stuff\cmp 208\assignment 2\assignment\build\vs2017\box2d\x64\debug\box2d.tlog\lib-link.write.1.tlog
d:\university stuff\cmp 208\assignment 2\assignment\build\vs2017\box2d\x64\debug\box2d.tlog\lib.command.1.tlog
